2025-07-24 10:57:08,259 - INFO - GUI: configuration saved – running pipeline
2025-07-24 10:57:10,211 - INFO - Using column File Name as source for EDF-files
2025-07-24 10:57:10,211 - INFO - Loaded 4 EDF-files from column File Name
2025-07-24 10:57:11,042 - INFO - Found 4 existing EDF-files out of 4. [] could not be resolved.
2025-07-24 10:57:11,042 - INFO - === Starting analysis of ID1_baseline ===
2025-07-24 10:57:11,537 - INFO - Kubios is not running
2025-07-24 10:57:11,537 - INFO - Attempting to start Kubios
2025-07-24 10:57:21,551 - INFO - Kubios is running
2025-07-24 10:57:21,551 - INFO - Kubios has been started
2025-07-24 10:57:25,995 - INFO - Kubios window brought to front: 'Kubios HRV Premium 3.5.0'
2025-07-24 10:57:25,995 - INFO - Opening EDF file C:\Users\Mikkel\Desktop\Sven\Kubios_ny_ny\EDF_Files\ID1_baseline.edf
2025-07-24 10:57:38,701 - INFO - Starting to read time and length with Tesseract-OCR
2025-07-24 10:57:39,962 - WARNING - OCR attempt 1 failed, trying again...
2025-07-24 10:57:43,962 - INFO - Starting to read time and length with Tesseract-OCR
2025-07-24 10:57:45,142 - WARNING - OCR attempt 2 failed, trying again...
2025-07-24 10:57:49,143 - INFO - Starting to read time and length with Tesseract-OCR
2025-07-24 10:57:51,188 - INFO - Time: (866, 288, 911, 301). Length: (862, 301, 912, 316)
2025-07-24 10:57:51,188 - INFO - OCR started: start: 07.53.59, length: 147:45:37
2025-07-24 10:57:51,188 - INFO - Splitting samples for ID1_baseline: start=07.53.59, duration=147:45:37
2025-07-24 10:57:51,190 - INFO - Generated 19 samples \u2192 2 files (\u226480h pr blok)
2025-07-24 10:58:46,151 - INFO - Window 'processing' has been closed for 6.5s (>= 6.0s)
2025-07-24 10:58:46,392 - INFO - Detected analysis window
